<?xml version="1.0" encoding="UTF-8"?>
<testng-results ignored="0" total="1" passed="1" failed="0" skipped="0">
  <reporter-output>
  </reporter-output>
  <suite started-at="2024-06-13T13:54:13 IST" name="Default suite" finished-at="2024-06-13T13:54:16 IST" duration-ms="2747">
    <groups>
    </groups>
    <test started-at="2024-06-13T13:54:13 IST" name="Default test" finished-at="2024-06-13T13:54:16 IST" duration-ms="2747">
      <class name="RestAssuredE2E.RestAssuredFramework.CreateBooking">
        <test-method signature="createNewBooking()[pri:0, instance:RestAssuredE2E.RestAssuredFramework.CreateBooking@5ba3f27a]" started-at="2024-06-13T13:54:13 IST" name="createNewBooking" finished-at="2024-06-13T13:54:16 IST" duration-ms="2718" status="PASS">
          <reporter-output>
          </reporter-output>
        </test-method> <!-- createNewBooking -->
      </class> <!-- RestAssuredE2E.RestAssuredFramework.CreateBooking -->
    </test> <!-- Default test -->
  </suite> <!-- Default suite -->
</testng-results>
